\BOOKMARK [1][-]{Jury members.1}{Jury members}{}% 1
\BOOKMARK [1][-]{Abstract.1}{Abstract}{}% 2
\BOOKMARK [1][-]{acknowledgments.1}{Acknowledgments}{}% 3
\BOOKMARK [1][-]{tableofcontents.1}{Contents}{}% 4
\BOOKMARK [0][]{chapter.1}{1 Introduction}{}% 5
\BOOKMARK [1][-]{section.1.1}{1.1 Outline and contributions}{chapter.1}% 6
\BOOKMARK [1][-]{section.1.2}{1.2 Publications}{chapter.1}% 7
\BOOKMARK [0][]{chapter.2}{2 Background}{}% 8
\BOOKMARK [1][-]{section.2.1}{2.1 Unsupervised learning}{chapter.2}% 9
\BOOKMARK [-1][]{part.1}{Black-box generative modeling}{}% 10
\BOOKMARK [0][]{chapter.3}{3 Deep Latent Variables Generative Models}{part.1}% 11
\BOOKMARK [1][-]{section.3.1}{3.1 Variational Auto Encoders}{chapter.3}% 12
\BOOKMARK [1][-]{section.3.2}{3.2 Diffusion Models}{chapter.3}% 13
\BOOKMARK [1][-]{section.3.3}{3.3 Contribution: Diffusion Priors in Variational Autoencoders}{chapter.3}% 14
\BOOKMARK [0][]{chapter.4}{4 Unstructured Density Estimation with Normalizing Flows}{part.1}% 15
\BOOKMARK [1][-]{section.4.1}{4.1 Normalizing Flows}{chapter.4}% 16
\BOOKMARK [1][-]{section.4.2}{4.2 Contribution: You say Normalizing Flows I see Bayesian Networks}{chapter.4}% 17
\BOOKMARK [1][-]{section.4.3}{4.3 Contribution: Unconstrained Monotonic Neural Networks}{chapter.4}% 18
\BOOKMARK [0][]{chapter.5}{5 Digression on monotonic functions in machine learning}{part.1}% 19
\BOOKMARK [-1][]{part.2}{Hybrid generative modeling}{}% 20
\BOOKMARK [0][]{chapter.6}{6 Structured Density Estimation with Normalizing Flows}{part.2}% 21
\BOOKMARK [1][-]{section.6.1}{6.1 Contribution: Graphical normalizing flows}{chapter.6}% 22
\BOOKMARK [0][]{chapter.7}{7 Hybrid Generative Models}{part.2}% 23
\BOOKMARK [1][-]{section.7.1}{7.1 Contribution: Robust Hybrid Learning With Expert Augmentation}{chapter.7}% 24
\BOOKMARK [-1][]{part.3}{Appendix}{}% 25
\BOOKMARK [0][]{appendix.A}{A Notations}{part.3}% 26
\BOOKMARK [0][]{appendix.B}{B References}{part.3}% 27
